#1 0 80000000 70040517 r 0a         f0040000  auipc    a0, 0x70040
#2 0 80000004 00050513 r 0a         f0040000  addi     a0, a0, 0
#3 0 80000008 70040597 r 0b         f0040008  auipc    a1, 0x70040
#4 0 8000000c 05c5a583 r 0b         00000005  lw       a1, 0x5c(a1)
#5 0 80000010     28b5 r 01         80000012  c.jal    . + 0x7c
#6 0 8000008c 12300293 r 05         00000123  addi     t0, zero, 291
#7 0 80000090 45600293 r 05         00000456  addi     t0, zero, 1110
#8 0 80000094     85ae r 0b         00000005  c.mv     a1, a1
#9 0 80000096     82aa r 05         f0040000  c.mv     t0, a0
#10 0 80000098 02b58333 r 06         00000019  mul      t1, a1, a1
#11 0 8000009c     030a r 06         00000064  c.slli   t1, 2
#12 0 8000009e     932a r 06         f0040064  c.add    t1, a0
#13 0 800000a0 0062d663 r 00         00000000  bge      t0, t1, . + 0xc
#14 0 800000a4 0002a007 f 00         c1200000  flw      ft0, 0x0(t0)
#15 0 800000a8     0291 r 05         f0040004  c.addi   t0, 0x4
#16 0 800000aa     bfdd r 00         00000000  c.j      . - 0xa
#17 0 800000a0 0062d663 r 00         00000000  bge      t0, t1, . + 0xc
#18 0 800000a4 0002a007 f 00         41500000  flw      ft0, 0x0(t0)
#19 0 800000a8     0291 r 05         f0040008  c.addi   t0, 0x4
#20 0 800000aa     bfdd r 00         00000000  c.j      . - 0xa
#21 0 800000a0 0062d663 r 00         00000000  bge      t0, t1, . + 0xc
#22 0 800000a4 0002a007 f 00         41200000  flw      ft0, 0x0(t0)
#23 0 800000a8     0291 r 05         f004000c  c.addi   t0, 0x4
#24 0 800000aa     bfdd r 00         00000000  c.j      . - 0xa
#25 0 800000a0 0062d663 r 00         00000000  bge      t0, t1, . + 0xc
#26 0 800000a4 0002a007 f 00         c0400000  flw      ft0, 0x0(t0)
#27 0 800000a8     0291 r 05         f0040010  c.addi   t0, 0x4
#28 0 800000aa     bfdd r 00         00000000  c.j      . - 0xa
#29 0 800000a0 0062d663 r 00         00000000  bge      t0, t1, . + 0xc
#30 0 800000a4 0002a007 f 00         40000000  flw      ft0, 0x0(t0)
#31 0 800000a8     0291 r 05         f0040014  c.addi   t0, 0x4
#32 0 800000aa     bfdd r 00         00000000  c.j      . - 0xa
#33 0 800000a0 0062d663 r 00         00000000  bge      t0, t1, . + 0xc
#34 0 800000a4 0002a007 f 00         40c00000  flw      ft0, 0x0(t0)
#35 0 800000a8     0291 r 05         f0040018  c.addi   t0, 0x4
#36 0 800000aa     bfdd r 00         00000000  c.j      . - 0xa
#37 0 800000a0 0062d663 r 00         00000000  bge      t0, t1, . + 0xc
#38 0 800000a4 0002a007 f 00         41700000  flw      ft0, 0x0(t0)
#39 0 800000a8     0291 r 05         f004001c  c.addi   t0, 0x4
#40 0 800000aa     bfdd r 00         00000000  c.j      . - 0xa
#41 0 800000a0 0062d663 r 00         00000000  bge      t0, t1, . + 0xc
#42 0 800000a4 0002a007 f 00         40800000  flw      ft0, 0x0(t0)
#43 0 800000a8     0291 r 05         f0040020  c.addi   t0, 0x4
#44 0 800000aa     bfdd r 00         00000000  c.j      . - 0xa
#45 0 800000a0 0062d663 r 00         00000000  bge      t0, t1, . + 0xc
#46 0 800000a4 0002a007 f 00         41500000  flw      ft0, 0x0(t0)
#47 0 800000a8     0291 r 05         f0040024  c.addi   t0, 0x4
#48 0 800000aa     bfdd r 00         00000000  c.j      . - 0xa
#49 0 800000a0 0062d663 r 00         00000000  bge      t0, t1, . + 0xc
#50 0 800000a4 0002a007 f 00         40800000  flw      ft0, 0x0(t0)
#51 0 800000a8     0291 r 05         f0040028  c.addi   t0, 0x4
#52 0 800000aa     bfdd r 00         00000000  c.j      . - 0xa
#53 0 800000a0 0062d663 r 00         00000000  bge      t0, t1, . + 0xc
#54 0 800000a4 0002a007 f 00         41900000  flw      ft0, 0x0(t0)
#55 0 800000a8     0291 r 05         f004002c  c.addi   t0, 0x4
#56 0 800000aa     bfdd r 00         00000000  c.j      . - 0xa
#57 0 800000a0 0062d663 r 00         00000000  bge      t0, t1, . + 0xc
#58 0 800000a4 0002a007 f 00         40000000  flw      ft0, 0x0(t0)
#59 0 800000a8     0291 r 05         f0040030  c.addi   t0, 0x4
#60 0 800000aa     bfdd r 00         00000000  c.j      . - 0xa
#61 0 800000a0 0062d663 r 00         00000000  bge      t0, t1, . + 0xc
#62 0 800000a4 0002a007 f 00         41100000  flw      ft0, 0x0(t0)
#63 0 800000a8     0291 r 05         f0040034  c.addi   t0, 0x4
#64 0 800000aa     bfdd r 00         00000000  c.j      . - 0xa
#65 0 800000a0 0062d663 r 00         00000000  bge      t0, t1, . + 0xc
#66 0 800000a4 0002a007 f 00         41000000  flw      ft0, 0x0(t0)
#67 0 800000a8     0291 r 05         f0040038  c.addi   t0, 0x4
#68 0 800000aa     bfdd r 00         00000000  c.j      . - 0xa
#69 0 800000a0 0062d663 r 00         00000000  bge      t0, t1, . + 0xc
#70 0 800000a4 0002a007 f 00         c0800000  flw      ft0, 0x0(t0)
#71 0 800000a8     0291 r 05         f004003c  c.addi   t0, 0x4
#72 0 800000aa     bfdd r 00         00000000  c.j      . - 0xa
#73 0 800000a0 0062d663 r 00         00000000  bge      t0, t1, . + 0xc
#74 0 800000a4 0002a007 f 00         40a00000  flw      ft0, 0x0(t0)
#75 0 800000a8     0291 r 05         f0040040  c.addi   t0, 0x4
#76 0 800000aa     bfdd r 00         00000000  c.j      . - 0xa
#77 0 800000a0 0062d663 r 00         00000000  bge      t0, t1, . + 0xc
#78 0 800000a4 0002a007 f 00         40800000  flw      ft0, 0x0(t0)
#79 0 800000a8     0291 r 05         f0040044  c.addi   t0, 0x4
#80 0 800000aa     bfdd r 00         00000000  c.j      . - 0xa
#81 0 800000a0 0062d663 r 00         00000000  bge      t0, t1, . + 0xc
#82 0 800000a4 0002a007 f 00         41400000  flw      ft0, 0x0(t0)
#83 0 800000a8     0291 r 05         f0040048  c.addi   t0, 0x4
#84 0 800000aa     bfdd r 00         00000000  c.j      . - 0xa
#85 0 800000a0 0062d663 r 00         00000000  bge      t0, t1, . + 0xc
#86 0 800000a4 0002a007 f 00         41880000  flw      ft0, 0x0(t0)
#87 0 800000a8     0291 r 05         f004004c  c.addi   t0, 0x4
#88 0 800000aa     bfdd r 00         00000000  c.j      . - 0xa
#89 0 800000a0 0062d663 r 00         00000000  bge      t0, t1, . + 0xc
#90 0 800000a4 0002a007 f 00         40c00000  flw      ft0, 0x0(t0)
#91 0 800000a8     0291 r 05         f0040050  c.addi   t0, 0x4
#92 0 800000aa     bfdd r 00         00000000  c.j      . - 0xa
#93 0 800000a0 0062d663 r 00         00000000  bge      t0, t1, . + 0xc
#94 0 800000a4 0002a007 f 00         c1200000  flw      ft0, 0x0(t0)
#95 0 800000a8     0291 r 05         f0040054  c.addi   t0, 0x4
#96 0 800000aa     bfdd r 00         00000000  c.j      . - 0xa
#97 0 800000a0 0062d663 r 00         00000000  bge      t0, t1, . + 0xc
#98 0 800000a4 0002a007 f 00         40e00000  flw      ft0, 0x0(t0)
#99 0 800000a8     0291 r 05         f0040058  c.addi   t0, 0x4
#100 0 800000aa     bfdd r 00         00000000  c.j      . - 0xa
#101 0 800000a0 0062d663 r 00         00000000  bge      t0, t1, . + 0xc
#102 0 800000a4 0002a007 f 00         41500000  flw      ft0, 0x0(t0)
#103 0 800000a8     0291 r 05         f004005c  c.addi   t0, 0x4
#104 0 800000aa     bfdd r 00         00000000  c.j      . - 0xa
#105 0 800000a0 0062d663 r 00         00000000  bge      t0, t1, . + 0xc
#106 0 800000a4 0002a007 f 00         c0400000  flw      ft0, 0x0(t0)
#107 0 800000a8     0291 r 05         f0040060  c.addi   t0, 0x4
#108 0 800000aa     bfdd r 00         00000000  c.j      . - 0xa
#109 0 800000a0 0062d663 r 00         00000000  bge      t0, t1, . + 0xc
#110 0 800000a4 0002a007 f 00         41800000  flw      ft0, 0x0(t0)
#111 0 800000a8     0291 r 05         f0040064  c.addi   t0, 0x4
#112 0 800000aa     bfdd r 00         00000000  c.j      . - 0xa
#113 0 800000a0 0062d663 r 00         00000000  bge      t0, t1, . + 0xc
#114 0 800000ac 12300293 r 05         00000123  addi     t0, zero, 291
#115 0 800000b0 45600293 r 05         00000456  addi     t0, zero, 1110
#116 0 800000b4     8082 r 00         00000000  c.jr     ra
#117 0 80000012 70040517 r 0a         f0040012  auipc    a0, 0x70040
#118 0 80000016 fee50513 r 0a         f0040000  addi     a0, a0, -18
#119 0 8000001a 70040597 r 0b         f004001a  auipc    a1, 0x70040
#120 0 8000001e 04a5a583 r 0b         00000005  lw       a1, 0x4a(a1)
#121 0 80000022     2819 r 01         80000024  c.jal    . + 0x16
#122 0 80000038     1141 r 02         fffffff0  c.addi   sp, -0x10
#123 0 8000003a     c606 m fffffffc   80000024  c.swsp   ra, 0xc
#124 0 8000003c     c422 m fffffff8   00000000  c.swsp   s0, 0x8
#125 0 8000003e     c226 m fffffff4   00000000  c.swsp   s1, 0x4
#126 0 80000040     c04a m fffffff0   00000000  c.swsp   s2, 0x0
#127 0 80000042     842a r 08         f0040000  c.mv     s0, a0
#128 0 80000044     84ae r 09         00000005  c.mv     s1, a1
#129 0 80000046     4281 r 05         00000000  c.li     t0, 0x0
#130 0 80000048 0292dc63 r 00         00000000  bge      t0, s1, . + 0x38
#131 0 8000004c 00128313 r 06         00000001  addi     t1, t0, 1
#132 0 80000050 02935663 r 00         00000000  bge      t1, s1, . + 0x2c
#133 0 80000054 029283b3 r 07         00000000  mul      t2, t0, s1
#134 0 80000058     939a r 07         00000001  c.add    t2, t1
#135 0 8000005a     038a r 07         00000004  c.slli   t2, 2
#136 0 8000005c 02930e33 r 1c         00000005  mul      t3, t1, s1
#137 0 80000060     9e16 r 1c         00000005  c.add    t3, t0
#138 0 80000062     0e0a r 1c         00000014  c.slli   t3, 2
#139 0 80000064     93a2 r 07         f0040004  c.add    t2, s0
#140 0 80000066     9e22 r 1c         f0040014  c.add    t3, s0
#141 0 80000068 0003a007 f 00         41500000  flw      ft0, 0x0(t2)
#142 0 8000006c 000e2087 f 01         40c00000  flw      ft1, 0x0(t3)
#143 0 80000070 0013a027 m f0040004   40c00000  fsw      ft1, 0x0(t2)
#144 0 80000074 000e2027 m f0040014   41500000  fsw      ft0, 0x0(t3)
#145 0 80000078     0305 r 06         00000002  c.addi   t1, 0x1
#146 0 8000007a     bfd9 r 00         00000000  c.j      . - 0x2a
#147 0 80000050 02935663 r 00         00000000  bge      t1, s1, . + 0x2c
#148 0 80000054 029283b3 r 07         00000000  mul      t2, t0, s1
#149 0 80000058     939a r 07         00000002  c.add    t2, t1
#150 0 8000005a     038a r 07         00000008  c.slli   t2, 2
#151 0 8000005c 02930e33 r 1c         0000000a  mul      t3, t1, s1
#152 0 80000060     9e16 r 1c         0000000a  c.add    t3, t0
#153 0 80000062     0e0a r 1c         00000028  c.slli   t3, 2
#154 0 80000064     93a2 r 07         f0040008  c.add    t2, s0
#155 0 80000066     9e22 r 1c         f0040028  c.add    t3, s0
#156 0 80000068 0003a007 f 00         41200000  flw      ft0, 0x0(t2)
#157 0 8000006c 000e2087 f 01         41900000  flw      ft1, 0x0(t3)
#158 0 80000070 0013a027 m f0040008   41900000  fsw      ft1, 0x0(t2)
#159 0 80000074 000e2027 m f0040028   41200000  fsw      ft0, 0x0(t3)
#160 0 80000078     0305 r 06         00000003  c.addi   t1, 0x1
#161 0 8000007a     bfd9 r 00         00000000  c.j      . - 0x2a
#162 0 80000050 02935663 r 00         00000000  bge      t1, s1, . + 0x2c
#163 0 80000054 029283b3 r 07         00000000  mul      t2, t0, s1
#164 0 80000058     939a r 07         00000003  c.add    t2, t1
#165 0 8000005a     038a r 07         0000000c  c.slli   t2, 2
#166 0 8000005c 02930e33 r 1c         0000000f  mul      t3, t1, s1
#167 0 80000060     9e16 r 1c         0000000f  c.add    t3, t0
#168 0 80000062     0e0a r 1c         0000003c  c.slli   t3, 2
#169 0 80000064     93a2 r 07         f004000c  c.add    t2, s0
#170 0 80000066     9e22 r 1c         f004003c  c.add    t3, s0
#171 0 80000068 0003a007 f 00         c0400000  flw      ft0, 0x0(t2)
#172 0 8000006c 000e2087 f 01         40a00000  flw      ft1, 0x0(t3)
#173 0 80000070 0013a027 m f004000c   40a00000  fsw      ft1, 0x0(t2)
#174 0 80000074 000e2027 m f004003c   c0400000  fsw      ft0, 0x0(t3)
#175 0 80000078     0305 r 06         00000004  c.addi   t1, 0x1
#176 0 8000007a     bfd9 r 00         00000000  c.j      . - 0x2a
#177 0 80000050 02935663 r 00         00000000  bge      t1, s1, . + 0x2c
#178 0 80000054 029283b3 r 07         00000000  mul      t2, t0, s1
#179 0 80000058     939a r 07         00000004  c.add    t2, t1
#180 0 8000005a     038a r 07         00000010  c.slli   t2, 2
#181 0 8000005c 02930e33 r 1c         00000014  mul      t3, t1, s1
#182 0 80000060     9e16 r 1c         00000014  c.add    t3, t0
#183 0 80000062     0e0a r 1c         00000050  c.slli   t3, 2
#184 0 80000064     93a2 r 07         f0040010  c.add    t2, s0
#185 0 80000066     9e22 r 1c         f0040050  c.add    t3, s0
#186 0 80000068 0003a007 f 00         40000000  flw      ft0, 0x0(t2)
#187 0 8000006c 000e2087 f 01         c1200000  flw      ft1, 0x0(t3)
#188 0 80000070 0013a027 m f0040010   c1200000  fsw      ft1, 0x0(t2)
#189 0 80000074 000e2027 m f0040050   40000000  fsw      ft0, 0x0(t3)
#190 0 80000078     0305 r 06         00000005  c.addi   t1, 0x1
#191 0 8000007a     bfd9 r 00         00000000  c.j      . - 0x2a
#192 0 80000050 02935663 r 00         00000000  bge      t1, s1, . + 0x2c
#193 0 8000007c     0285 r 05         00000001  c.addi   t0, 0x1
#194 0 8000007e     b7e9 r 00         00000000  c.j      . - 0x36
#195 0 80000048 0292dc63 r 00         00000000  bge      t0, s1, . + 0x38
#196 0 8000004c 00128313 r 06         00000002  addi     t1, t0, 1
#197 0 80000050 02935663 r 00         00000000  bge      t1, s1, . + 0x2c
#198 0 80000054 029283b3 r 07         00000005  mul      t2, t0, s1
#199 0 80000058     939a r 07         00000007  c.add    t2, t1
#200 0 8000005a     038a r 07         0000001c  c.slli   t2, 2
#201 0 8000005c 02930e33 r 1c         0000000a  mul      t3, t1, s1
#202 0 80000060     9e16 r 1c         0000000b  c.add    t3, t0
#203 0 80000062     0e0a r 1c         0000002c  c.slli   t3, 2
#204 0 80000064     93a2 r 07         f004001c  c.add    t2, s0
#205 0 80000066     9e22 r 1c         f004002c  c.add    t3, s0
#206 0 80000068 0003a007 f 00         40800000  flw      ft0, 0x0(t2)
#207 0 8000006c 000e2087 f 01         40000000  flw      ft1, 0x0(t3)
#208 0 80000070 0013a027 m f004001c   40000000  fsw      ft1, 0x0(t2)
#209 0 80000074 000e2027 m f004002c   40800000  fsw      ft0, 0x0(t3)
#210 0 80000078     0305 r 06         00000003  c.addi   t1, 0x1
#211 0 8000007a     bfd9 r 00         00000000  c.j      . - 0x2a
#212 0 80000050 02935663 r 00         00000000  bge      t1, s1, . + 0x2c
#213 0 80000054 029283b3 r 07         00000005  mul      t2, t0, s1
#214 0 80000058     939a r 07         00000008  c.add    t2, t1
#215 0 8000005a     038a r 07         00000020  c.slli   t2, 2
#216 0 8000005c 02930e33 r 1c         0000000f  mul      t3, t1, s1
#217 0 80000060     9e16 r 1c         00000010  c.add    t3, t0
#218 0 80000062     0e0a r 1c         00000040  c.slli   t3, 2
#219 0 80000064     93a2 r 07         f0040020  c.add    t2, s0
#220 0 80000066     9e22 r 1c         f0040040  c.add    t3, s0
#221 0 80000068 0003a007 f 00         41500000  flw      ft0, 0x0(t2)
#222 0 8000006c 000e2087 f 01         40800000  flw      ft1, 0x0(t3)
#223 0 80000070 0013a027 m f0040020   40800000  fsw      ft1, 0x0(t2)
#224 0 80000074 000e2027 m f0040040   41500000  fsw      ft0, 0x0(t3)
#225 0 80000078     0305 r 06         00000004  c.addi   t1, 0x1
#226 0 8000007a     bfd9 r 00         00000000  c.j      . - 0x2a
#227 0 80000050 02935663 r 00         00000000  bge      t1, s1, . + 0x2c
#228 0 80000054 029283b3 r 07         00000005  mul      t2, t0, s1
#229 0 80000058     939a r 07         00000009  c.add    t2, t1
#230 0 8000005a     038a r 07         00000024  c.slli   t2, 2
#231 0 8000005c 02930e33 r 1c         00000014  mul      t3, t1, s1
#232 0 80000060     9e16 r 1c         00000015  c.add    t3, t0
#233 0 80000062     0e0a r 1c         00000054  c.slli   t3, 2
#234 0 80000064     93a2 r 07         f0040024  c.add    t2, s0
#235 0 80000066     9e22 r 1c         f0040054  c.add    t3, s0
#236 0 80000068 0003a007 f 00         40800000  flw      ft0, 0x0(t2)
#237 0 8000006c 000e2087 f 01         40e00000  flw      ft1, 0x0(t3)
#238 0 80000070 0013a027 m f0040024   40e00000  fsw      ft1, 0x0(t2)
#239 0 80000074 000e2027 m f0040054   40800000  fsw      ft0, 0x0(t3)
#240 0 80000078     0305 r 06         00000005  c.addi   t1, 0x1
#241 0 8000007a     bfd9 r 00         00000000  c.j      . - 0x2a
#242 0 80000050 02935663 r 00         00000000  bge      t1, s1, . + 0x2c
#243 0 8000007c     0285 r 05         00000002  c.addi   t0, 0x1
#244 0 8000007e     b7e9 r 00         00000000  c.j      . - 0x36
#245 0 80000048 0292dc63 r 00         00000000  bge      t0, s1, . + 0x38
#246 0 8000004c 00128313 r 06         00000003  addi     t1, t0, 1
#247 0 80000050 02935663 r 00         00000000  bge      t1, s1, . + 0x2c
#248 0 80000054 029283b3 r 07         0000000a  mul      t2, t0, s1
#249 0 80000058     939a r 07         0000000d  c.add    t2, t1
#250 0 8000005a     038a r 07         00000034  c.slli   t2, 2
#251 0 8000005c 02930e33 r 1c         0000000f  mul      t3, t1, s1
#252 0 80000060     9e16 r 1c         00000011  c.add    t3, t0
#253 0 80000062     0e0a r 1c         00000044  c.slli   t3, 2
#254 0 80000064     93a2 r 07         f0040034  c.add    t2, s0
#255 0 80000066     9e22 r 1c         f0040044  c.add    t3, s0
#256 0 80000068 0003a007 f 00         41000000  flw      ft0, 0x0(t2)
#257 0 8000006c 000e2087 f 01         41400000  flw      ft1, 0x0(t3)
#258 0 80000070 0013a027 m f0040034   41400000  fsw      ft1, 0x0(t2)
#259 0 80000074 000e2027 m f0040044   41000000  fsw      ft0, 0x0(t3)
#260 0 80000078     0305 r 06         00000004  c.addi   t1, 0x1
#261 0 8000007a     bfd9 r 00         00000000  c.j      . - 0x2a
#262 0 80000050 02935663 r 00         00000000  bge      t1, s1, . + 0x2c
#263 0 80000054 029283b3 r 07         0000000a  mul      t2, t0, s1
#264 0 80000058     939a r 07         0000000e  c.add    t2, t1
#265 0 8000005a     038a r 07         00000038  c.slli   t2, 2
#266 0 8000005c 02930e33 r 1c         00000014  mul      t3, t1, s1
#267 0 80000060     9e16 r 1c         00000016  c.add    t3, t0
#268 0 80000062     0e0a r 1c         00000058  c.slli   t3, 2
#269 0 80000064     93a2 r 07         f0040038  c.add    t2, s0
#270 0 80000066     9e22 r 1c         f0040058  c.add    t3, s0
#271 0 80000068 0003a007 f 00         c0800000  flw      ft0, 0x0(t2)
#272 0 8000006c 000e2087 f 01         41500000  flw      ft1, 0x0(t3)
#273 0 80000070 0013a027 m f0040038   41500000  fsw      ft1, 0x0(t2)
#274 0 80000074 000e2027 m f0040058   c0800000  fsw      ft0, 0x0(t3)
#275 0 80000078     0305 r 06         00000005  c.addi   t1, 0x1
#276 0 8000007a     bfd9 r 00         00000000  c.j      . - 0x2a
#277 0 80000050 02935663 r 00         00000000  bge      t1, s1, . + 0x2c
#278 0 8000007c     0285 r 05         00000003  c.addi   t0, 0x1
#279 0 8000007e     b7e9 r 00         00000000  c.j      . - 0x36
#280 0 80000048 0292dc63 r 00         00000000  bge      t0, s1, . + 0x38
#281 0 8000004c 00128313 r 06         00000004  addi     t1, t0, 1
#282 0 80000050 02935663 r 00         00000000  bge      t1, s1, . + 0x2c
#283 0 80000054 029283b3 r 07         0000000f  mul      t2, t0, s1
#284 0 80000058     939a r 07         00000013  c.add    t2, t1
#285 0 8000005a     038a r 07         0000004c  c.slli   t2, 2
#286 0 8000005c 02930e33 r 1c         00000014  mul      t3, t1, s1
#287 0 80000060     9e16 r 1c         00000017  c.add    t3, t0
#288 0 80000062     0e0a r 1c         0000005c  c.slli   t3, 2
#289 0 80000064     93a2 r 07         f004004c  c.add    t2, s0
#290 0 80000066     9e22 r 1c         f004005c  c.add    t3, s0
#291 0 80000068 0003a007 f 00         40c00000  flw      ft0, 0x0(t2)
#292 0 8000006c 000e2087 f 01         c0400000  flw      ft1, 0x0(t3)
#293 0 80000070 0013a027 m f004004c   c0400000  fsw      ft1, 0x0(t2)
#294 0 80000074 000e2027 m f004005c   40c00000  fsw      ft0, 0x0(t3)
#295 0 80000078     0305 r 06         00000005  c.addi   t1, 0x1
#296 0 8000007a     bfd9 r 00         00000000  c.j      . - 0x2a
#297 0 80000050 02935663 r 00         00000000  bge      t1, s1, . + 0x2c
#298 0 8000007c     0285 r 05         00000004  c.addi   t0, 0x1
#299 0 8000007e     b7e9 r 00         00000000  c.j      . - 0x36
#300 0 80000048 0292dc63 r 00         00000000  bge      t0, s1, . + 0x38
#301 0 8000004c 00128313 r 06         00000005  addi     t1, t0, 1
#302 0 80000050 02935663 r 00         00000000  bge      t1, s1, . + 0x2c
#303 0 8000007c     0285 r 05         00000005  c.addi   t0, 0x1
#304 0 8000007e     b7e9 r 00         00000000  c.j      . - 0x36
#305 0 80000048 0292dc63 r 00         00000000  bge      t0, s1, . + 0x38
#306 0 80000080     40b2 r 01         80000024  c.lwsp   ra, 0xc
#307 0 80000082     4422 r 08         00000000  c.lwsp   s0, 0x8
#308 0 80000084     4492 r 09         00000000  c.lwsp   s1, 0x4
#309 0 80000086     4902 r 12         00000000  c.lwsp   s2, 0x0
#310 0 80000088     0141 r 02         00000000  c.addi   sp, 0x10
#311 0 8000008a     8082 r 00         00000000  c.jr     ra
#312 0 80000024 70040517 r 0a         f0040024  auipc    a0, 0x70040
#313 0 80000028 fdc50513 r 0a         f0040000  addi     a0, a0, -36
#314 0 8000002c 70040597 r 0b         f004002c  auipc    a1, 0x70040
#315 0 80000030 0385a583 r 0b         00000005  lw       a1, 0x38(a1)
#316 0 80000034     28a1 r 01         80000036  c.jal    . + 0x58
#317 0 8000008c 12300293 r 05         00000123  addi     t0, zero, 291
#318 0 80000090 45600293 r 05         00000456  addi     t0, zero, 1110
#319 0 80000094     85ae r 0b         00000005  c.mv     a1, a1
#320 0 80000096     82aa r 05         f0040000  c.mv     t0, a0
#321 0 80000098 02b58333 r 06         00000019  mul      t1, a1, a1
#322 0 8000009c     030a r 06         00000064  c.slli   t1, 2
#323 0 8000009e     932a r 06         f0040064  c.add    t1, a0
#324 0 800000a0 0062d663 r 00         00000000  bge      t0, t1, . + 0xc
#325 0 800000a4 0002a007 f 00         c1200000  flw      ft0, 0x0(t0)
#326 0 800000a8     0291 r 05         f0040004  c.addi   t0, 0x4
#327 0 800000aa     bfdd r 00         00000000  c.j      . - 0xa
#328 0 800000a0 0062d663 r 00         00000000  bge      t0, t1, . + 0xc
#329 0 800000a4 0002a007 f 00         40c00000  flw      ft0, 0x0(t0)
#330 0 800000a8     0291 r 05         f0040008  c.addi   t0, 0x4
#331 0 800000aa     bfdd r 00         00000000  c.j      . - 0xa
#332 0 800000a0 0062d663 r 00         00000000  bge      t0, t1, . + 0xc
#333 0 800000a4 0002a007 f 00         41900000  flw      ft0, 0x0(t0)
#334 0 800000a8     0291 r 05         f004000c  c.addi   t0, 0x4
#335 0 800000aa     bfdd r 00         00000000  c.j      . - 0xa
#336 0 800000a0 0062d663 r 00         00000000  bge      t0, t1, . + 0xc
#337 0 800000a4 0002a007 f 00         40a00000  flw      ft0, 0x0(t0)
#338 0 800000a8     0291 r 05         f0040010  c.addi   t0, 0x4
#339 0 800000aa     bfdd r 00         00000000  c.j      . - 0xa
#340 0 800000a0 0062d663 r 00         00000000  bge      t0, t1, . + 0xc
#341 0 800000a4 0002a007 f 00         c1200000  flw      ft0, 0x0(t0)
#342 0 800000a8     0291 r 05         f0040014  c.addi   t0, 0x4
#343 0 800000aa     bfdd r 00         00000000  c.j      . - 0xa
#344 0 800000a0 0062d663 r 00         00000000  bge      t0, t1, . + 0xc
#345 0 800000a4 0002a007 f 00         41500000  flw      ft0, 0x0(t0)
#346 0 800000a8     0291 r 05         f0040018  c.addi   t0, 0x4
#347 0 800000aa     bfdd r 00         00000000  c.j      . - 0xa
#348 0 800000a0 0062d663 r 00         00000000  bge      t0, t1, . + 0xc
#349 0 800000a4 0002a007 f 00         41700000  flw      ft0, 0x0(t0)
#350 0 800000a8     0291 r 05         f004001c  c.addi   t0, 0x4
#351 0 800000aa     bfdd r 00         00000000  c.j      . - 0xa
#352 0 800000a0 0062d663 r 00         00000000  bge      t0, t1, . + 0xc
#353 0 800000a4 0002a007 f 00         40000000  flw      ft0, 0x0(t0)
#354 0 800000a8     0291 r 05         f0040020  c.addi   t0, 0x4
#355 0 800000aa     bfdd r 00         00000000  c.j      . - 0xa
#356 0 800000a0 0062d663 r 00         00000000  bge      t0, t1, . + 0xc
#357 0 800000a4 0002a007 f 00         40800000  flw      ft0, 0x0(t0)
#358 0 800000a8     0291 r 05         f0040024  c.addi   t0, 0x4
#359 0 800000aa     bfdd r 00         00000000  c.j      . - 0xa
#360 0 800000a0 0062d663 r 00         00000000  bge      t0, t1, . + 0xc
#361 0 800000a4 0002a007 f 00         40e00000  flw      ft0, 0x0(t0)
#362 0 800000a8     0291 r 05         f0040028  c.addi   t0, 0x4
#363 0 800000aa     bfdd r 00         00000000  c.j      . - 0xa
#364 0 800000a0 0062d663 r 00         00000000  bge      t0, t1, . + 0xc
#365 0 800000a4 0002a007 f 00         41200000  flw      ft0, 0x0(t0)
#366 0 800000a8     0291 r 05         f004002c  c.addi   t0, 0x4
#367 0 800000aa     bfdd r 00         00000000  c.j      . - 0xa
#368 0 800000a0 0062d663 r 00         00000000  bge      t0, t1, . + 0xc
#369 0 800000a4 0002a007 f 00         40800000  flw      ft0, 0x0(t0)
#370 0 800000a8     0291 r 05         f0040030  c.addi   t0, 0x4
#371 0 800000aa     bfdd r 00         00000000  c.j      . - 0xa
#372 0 800000a0 0062d663 r 00         00000000  bge      t0, t1, . + 0xc
#373 0 800000a4 0002a007 f 00         41100000  flw      ft0, 0x0(t0)
#374 0 800000a8     0291 r 05         f0040034  c.addi   t0, 0x4
#375 0 800000aa     bfdd r 00         00000000  c.j      . - 0xa
#376 0 800000a0 0062d663 r 00         00000000  bge      t0, t1, . + 0xc
#377 0 800000a4 0002a007 f 00         41400000  flw      ft0, 0x0(t0)
#378 0 800000a8     0291 r 05         f0040038  c.addi   t0, 0x4
#379 0 800000aa     bfdd r 00         00000000  c.j      . - 0xa
#380 0 800000a0 0062d663 r 00         00000000  bge      t0, t1, . + 0xc
#381 0 800000a4 0002a007 f 00         41500000  flw      ft0, 0x0(t0)
#382 0 800000a8     0291 r 05         f004003c  c.addi   t0, 0x4
#383 0 800000aa     bfdd r 00         00000000  c.j      . - 0xa
#384 0 800000a0 0062d663 r 00         00000000  bge      t0, t1, . + 0xc
#385 0 800000a4 0002a007 f 00         c0400000  flw      ft0, 0x0(t0)
#386 0 800000a8     0291 r 05         f0040040  c.addi   t0, 0x4
#387 0 800000aa     bfdd r 00         00000000  c.j      . - 0xa
#388 0 800000a0 0062d663 r 00         00000000  bge      t0, t1, . + 0xc
#389 0 800000a4 0002a007 f 00         41500000  flw      ft0, 0x0(t0)
#390 0 800000a8     0291 r 05         f0040044  c.addi   t0, 0x4
#391 0 800000aa     bfdd r 00         00000000  c.j      . - 0xa
#392 0 800000a0 0062d663 r 00         00000000  bge      t0, t1, . + 0xc
#393 0 800000a4 0002a007 f 00         41000000  flw      ft0, 0x0(t0)
#394 0 800000a8     0291 r 05         f0040048  c.addi   t0, 0x4
#395 0 800000aa     bfdd r 00         00000000  c.j      . - 0xa
#396 0 800000a0 0062d663 r 00         00000000  bge      t0, t1, . + 0xc
#397 0 800000a4 0002a007 f 00         41880000  flw      ft0, 0x0(t0)
#398 0 800000a8     0291 r 05         f004004c  c.addi   t0, 0x4
#399 0 800000aa     bfdd r 00         00000000  c.j      . - 0xa
#400 0 800000a0 0062d663 r 00         00000000  bge      t0, t1, . + 0xc
#401 0 800000a4 0002a007 f 00         c0400000  flw      ft0, 0x0(t0)
#402 0 800000a8     0291 r 05         f0040050  c.addi   t0, 0x4
#403 0 800000aa     bfdd r 00         00000000  c.j      . - 0xa
#404 0 800000a0 0062d663 r 00         00000000  bge      t0, t1, . + 0xc
#405 0 800000a4 0002a007 f 00         40000000  flw      ft0, 0x0(t0)
#406 0 800000a8     0291 r 05         f0040054  c.addi   t0, 0x4
#407 0 800000aa     bfdd r 00         00000000  c.j      . - 0xa
#408 0 800000a0 0062d663 r 00         00000000  bge      t0, t1, . + 0xc
#409 0 800000a4 0002a007 f 00         40800000  flw      ft0, 0x0(t0)
#410 0 800000a8     0291 r 05         f0040058  c.addi   t0, 0x4
#411 0 800000aa     bfdd r 00         00000000  c.j      . - 0xa
#412 0 800000a0 0062d663 r 00         00000000  bge      t0, t1, . + 0xc
#413 0 800000a4 0002a007 f 00         c0800000  flw      ft0, 0x0(t0)
#414 0 800000a8     0291 r 05         f004005c  c.addi   t0, 0x4
#415 0 800000aa     bfdd r 00         00000000  c.j      . - 0xa
#416 0 800000a0 0062d663 r 00         00000000  bge      t0, t1, . + 0xc
#417 0 800000a4 0002a007 f 00         40c00000  flw      ft0, 0x0(t0)
#418 0 800000a8     0291 r 05         f0040060  c.addi   t0, 0x4
#419 0 800000aa     bfdd r 00         00000000  c.j      . - 0xa
#420 0 800000a0 0062d663 r 00         00000000  bge      t0, t1, . + 0xc
#421 0 800000a4 0002a007 f 00         41800000  flw      ft0, 0x0(t0)
#422 0 800000a8     0291 r 05         f0040064  c.addi   t0, 0x4
#423 0 800000aa     bfdd r 00         00000000  c.j      . - 0xa
#424 0 800000a0 0062d663 r 00         00000000  bge      t0, t1, . + 0xc
#425 0 800000ac 12300293 r 05         00000123  addi     t0, zero, 291
#426 0 800000b0 45600293 r 05         00000456  addi     t0, zero, 1110
#427 0 800000b4     8082 r 00         00000000  c.jr     ra
#428 0 80000036     a041 r 00         00000000  c.j      . + 0x80
#429 0 800000b6 d05801b7 r 03         d0580000  lui      gp, -0x2fa80
#430 0 800000ba 0ff00293 r 05         000000ff  addi     t0, zero, 255
#431 0 800000be 00518023 m d0580000   000000ff  sb       t0, 0x0(gp)
