#1 0 80000000 70040517 r 0a         f0040000  auipc    a0, 0x70040
#2 0 80000004 00050513 r 0a         f0040000  addi     a0, a0, 0
#3 0 80000008 70040597 r 0b         f0040008  auipc    a1, 0x70040
#4 0 8000000c 05c5a583 r 0b         00000005  lw       a1, 0x5c(a1)
#5 0 80000010     2059 r 01         80000012  c.jal    . + 0x86
#6 0 80000096     1171 r 02         fffffffc  c.addi   sp, -0x4
#7 0 80000098     c02a m fffffffc   f0040000  c.swsp   a0, 0x0
#8 0 8000009a 12300293 r 05         00000123  addi     t0, zero, 291
#9 0 8000009e 45600293 r 05         00000456  addi     t0, zero, 1110
#10 0 800000a2     85ae r 0b         00000005  c.mv     a1, a1
#11 0 800000a4 02b585b3 r 0b         00000019  mul      a1, a1, a1
#12 0 800000a8     4281 r 05         00000000  c.li     t0, 0x0
#13 0 800000aa 0105fe57 r 1c         00000008  vsetvli t3, a1, e32,m1,tu,mu  +
#13 0 800000aa 0105fe57 c 0c20       00000008  vsetvli t3, a1, e32,m1,tu,mu  +
#13 0 800000aa 0105fe57 c 0c21       00000010  vsetvli t3, a1, e32,m1,tu,mu
#14 0 800000ae 002e1e93 r 1d         00000020  slli     t4, t3, 2
#15 0 800000b2 02056087 v 01 408000004170000040c0000040000000c04000004120000041500000c1200000 vle32.v v1, (a0)
#16 0 800000b6     9576 r 0a         f0040020  c.add    a0, t4
#17 0 800000b8     92f2 r 05         00000008  c.add    t0, t3
#18 0 800000ba 00b2d363 r 00         00000000  bge      t0, a1, . + 0x6
#19 0 800000be     b7f5 r 00         00000000  c.j      . - 0x14
#20 0 800000aa 0105fe57 r 1c         00000008  vsetvli t3, a1, e32,m1,tu,mu  +
#20 0 800000aa 0105fe57 c 0c20       00000008  vsetvli t3, a1, e32,m1,tu,mu  +
#20 0 800000aa 0105fe57 c 0c21       00000010  vsetvli t3, a1, e32,m1,tu,mu
#21 0 800000ae 002e1e93 r 1d         00000020  slli     t4, t3, 2
#22 0 800000b2 02056087 v 01 40a00000c0800000410000004110000040000000419000004080000041500000 vle32.v v1, (a0)
#23 0 800000b6     9576 r 0a         f0040040  c.add    a0, t4
#24 0 800000b8     92f2 r 05         00000010  c.add    t0, t3
#25 0 800000ba 00b2d363 r 00         00000000  bge      t0, a1, . + 0x6
#26 0 800000be     b7f5 r 00         00000000  c.j      . - 0x14
#27 0 800000aa 0105fe57 r 1c         00000008  vsetvli t3, a1, e32,m1,tu,mu  +
#27 0 800000aa 0105fe57 c 0c20       00000008  vsetvli t3, a1, e32,m1,tu,mu  +
#27 0 800000aa 0105fe57 c 0c21       00000010  vsetvli t3, a1, e32,m1,tu,mu
#28 0 800000ae 002e1e93 r 1d         00000020  slli     t4, t3, 2
#29 0 800000b2 02056087 v 01 c04000004150000040e00000c120000040c00000418800004140000040800000 vle32.v v1, (a0)
#30 0 800000b6     9576 r 0a         f0040060  c.add    a0, t4
#31 0 800000b8     92f2 r 05         00000018  c.add    t0, t3
#32 0 800000ba 00b2d363 r 00         00000000  bge      t0, a1, . + 0x6
#33 0 800000be     b7f5 r 00         00000000  c.j      . - 0x14
#34 0 800000aa 0105fe57 r 1c         00000008  vsetvli t3, a1, e32,m1,tu,mu  +
#34 0 800000aa 0105fe57 c 0c20       00000008  vsetvli t3, a1, e32,m1,tu,mu  +
#34 0 800000aa 0105fe57 c 0c21       00000010  vsetvli t3, a1, e32,m1,tu,mu
#35 0 800000ae 002e1e93 r 1d         00000020  slli     t4, t3, 2
#36 0 800000b2 02056087 v 01 0000000000000000000000000000000000000000000000000000000543200000 vle32.v v1, (a0)
#37 0 800000b6     9576 r 0a         f0040080  c.add    a0, t4
#38 0 800000b8     92f2 r 05         00000020  c.add    t0, t3
#39 0 800000ba 00b2d363 r 00         00000000  bge      t0, a1, . + 0x6
#40 0 800000c0 12300293 r 05         00000123  addi     t0, zero, 291
#41 0 800000c4 45600293 r 05         00000456  addi     t0, zero, 1110
#42 0 800000c8     4502 r 0a         f0040000  c.lwsp   a0, 0x0
#43 0 800000ca     0111 r 02         00000000  c.addi   sp, 0x4
#44 0 800000cc     8082 r 00         00000000  c.jr     ra
#45 0 80000012 70040517 r 0a         f0040012  auipc    a0, 0x70040
#46 0 80000016 fee50513 r 0a         f0040000  addi     a0, a0, -18
#47 0 8000001a 70040597 r 0b         f004001a  auipc    a1, 0x70040
#48 0 8000001e 04a5a583 r 0b         00000005  lw       a1, 0x4a(a1)
#49 0 80000022     2819 r 01         80000024  c.jal    . + 0x16
#50 0 80000038     4401 r 08         00000000  c.li     s0, 0x0
#51 0 8000003a 04b45d63 r 00         00000000  bge      s0, a1, . + 0x5a
#52 0 8000003e 00140493 r 09         00000001  addi     s1, s0, 1
#53 0 80000042 04b4d763 r 00         00000000  bge      s1, a1, . + 0x4e
#54 0 80000046 40958333 r 06         00000004  sub      t1, a1, s1
#55 0 8000004a 010372d7 r 05         00000004  vsetvli t0, t1, e32,m1,tu,mu  +
#55 0 8000004a 010372d7 c 0c20       00000004  vsetvli t0, t1, e32,m1,tu,mu  +
#55 0 8000004a 010372d7 c 0c21       00000010  vsetvli t0, t1, e32,m1,tu,mu
#56 0 8000004e 02b403b3 r 07         00000000  mul      t2, s0, a1
#57 0 80000052     038a r 07         00000000  c.slli   t2, 2
#58 0 80000054 00750e33 r 1c         f0040000  add      t3, a0, t2
#59 0 80000058 00249e93 r 1d         00000004  slli     t4, s1, 2
#60 0 8000005c 01de0f33 r 1e         f0040004  add      t5, t3, t4
#61 0 80000060 020f6007 v 00 0000000000000000000000000000000040000000c04000004120000041500000 vle32.v v0, (t5)
#62 0 80000064 00259f93 r 1f         00000014  slli     t6, a1, 2
#63 0 80000068 00241b93 r 17         00000000  slli     s7, s0, 2
#64 0 8000006c 5208a157 v 02 0000000000000000000000000000000000000003000000020000000100000000 vid.v v2
#65 0 80000070 0224c157 v 02 0000000000000000000000000000000000000004000000030000000200000001 vadd.vx v2, v2, s1
#66 0 80000074 962fe157 v 02 00000000000000000000000000000000000000500000003c0000002800000014 vmul.vx v2, v2, t6
#67 0 80000078 022bc157 v 02 00000000000000000000000000000000000000500000003c0000002800000014 vadd.vx v2, v2, s7
#68 0 8000007c 06256087 v 01 00000000000000000000000000000000c120000040a000004190000040c00000 vluxei32.v v1, (a0), v2
#69 0 80000080 020f60a7 m f0040010   c1200000  vse32.v v1, (t5)
#70 0 80000084 06256027 m f0040050   40000000  vsuxei32.v v0, (a0), v2
#71 0 80000088 00548c33 r 18         00000005  add      s8, s1, t0
#72 0 8000008c     84e2 r 09         00000005  c.mv     s1, s8
#73 0 8000008e     bf55 r 00         00000000  c.j      . - 0x4c
#74 0 80000042 04b4d763 r 00         00000000  bge      s1, a1, . + 0x4e
#75 0 80000090     0405 r 08         00000001  c.addi   s0, 0x1
#76 0 80000092     b765 r 00         00000000  c.j      . - 0x58
#77 0 8000003a 04b45d63 r 00         00000000  bge      s0, a1, . + 0x5a
#78 0 8000003e 00140493 r 09         00000002  addi     s1, s0, 1
#79 0 80000042 04b4d763 r 00         00000000  bge      s1, a1, . + 0x4e
#80 0 80000046 40958333 r 06         00000003  sub      t1, a1, s1
#81 0 8000004a 010372d7 r 05         00000003  vsetvli t0, t1, e32,m1,tu,mu  +
#81 0 8000004a 010372d7 c 0c20       00000003  vsetvli t0, t1, e32,m1,tu,mu  +
#81 0 8000004a 010372d7 c 0c21       00000010  vsetvli t0, t1, e32,m1,tu,mu
#82 0 8000004e 02b403b3 r 07         00000005  mul      t2, s0, a1
#83 0 80000052     038a r 07         00000014  c.slli   t2, 2
#84 0 80000054 00750e33 r 1c         f0040014  add      t3, a0, t2
#85 0 80000058 00249e93 r 1d         00000008  slli     t4, s1, 2
#86 0 8000005c 01de0f33 r 1e         f004001c  add      t5, t3, t4
#87 0 80000060 020f6007 v 00 0000000000000000000000000000000040000000408000004150000040800000 vle32.v v0, (t5)
#88 0 80000064 00259f93 r 1f         00000014  slli     t6, a1, 2
#89 0 80000068 00241b93 r 17         00000004  slli     s7, s0, 2
#90 0 8000006c 5208a157 v 02 0000000000000000000000000000000000000050000000020000000100000000 vid.v v2
#91 0 80000070 0224c157 v 02 0000000000000000000000000000000000000050000000040000000300000002 vadd.vx v2, v2, s1
#92 0 80000074 962fe157 v 02 0000000000000000000000000000000000000050000000500000003c00000028 vmul.vx v2, v2, t6
#93 0 80000078 022bc157 v 02 000000000000000000000000000000000000005000000054000000400000002c vadd.vx v2, v2, s7
#94 0 8000007c 06256087 v 01 00000000000000000000000000000000c120000040e000004080000040000000 vluxei32.v v1, (a0), v2
#95 0 80000080 020f60a7 m f0040024   40e00000  vse32.v v1, (t5)
#96 0 80000084 06256027 m f0040054   40800000  vsuxei32.v v0, (a0), v2
#97 0 80000088 00548c33 r 18         00000005  add      s8, s1, t0
#98 0 8000008c     84e2 r 09         00000005  c.mv     s1, s8
#99 0 8000008e     bf55 r 00         00000000  c.j      . - 0x4c
#100 0 80000042 04b4d763 r 00         00000000  bge      s1, a1, . + 0x4e
#101 0 80000090     0405 r 08         00000002  c.addi   s0, 0x1
#102 0 80000092     b765 r 00         00000000  c.j      . - 0x58
#103 0 8000003a 04b45d63 r 00         00000000  bge      s0, a1, . + 0x5a
#104 0 8000003e 00140493 r 09         00000003  addi     s1, s0, 1
#105 0 80000042 04b4d763 r 00         00000000  bge      s1, a1, . + 0x4e
#106 0 80000046 40958333 r 06         00000002  sub      t1, a1, s1
#107 0 8000004a 010372d7 r 05         00000002  vsetvli t0, t1, e32,m1,tu,mu  +
#107 0 8000004a 010372d7 c 0c20       00000002  vsetvli t0, t1, e32,m1,tu,mu  +
#107 0 8000004a 010372d7 c 0c21       00000010  vsetvli t0, t1, e32,m1,tu,mu
#108 0 8000004e 02b403b3 r 07         0000000a  mul      t2, s0, a1
#109 0 80000052     038a r 07         00000028  c.slli   t2, 2
#110 0 80000054 00750e33 r 1c         f0040028  add      t3, a0, t2
#111 0 80000058 00249e93 r 1d         0000000c  slli     t4, s1, 2
#112 0 8000005c 01de0f33 r 1e         f0040034  add      t5, t3, t4
#113 0 80000060 020f6007 v 00 000000000000000000000000000000004000000040800000c080000041000000 vle32.v v0, (t5)
#114 0 80000064 00259f93 r 1f         00000014  slli     t6, a1, 2
#115 0 80000068 00241b93 r 17         00000008  slli     s7, s0, 2
#116 0 8000006c 5208a157 v 02 0000000000000000000000000000000000000050000000540000000100000000 vid.v v2
#117 0 80000070 0224c157 v 02 0000000000000000000000000000000000000050000000540000000400000003 vadd.vx v2, v2, s1
#118 0 80000074 962fe157 v 02 000000000000000000000000000000000000005000000054000000500000003c vmul.vx v2, v2, t6
#119 0 80000078 022bc157 v 02 0000000000000000000000000000000000000050000000540000005800000044 vadd.vx v2, v2, s7
#120 0 8000007c 06256087 v 01 00000000000000000000000000000000c120000040e000004150000041400000 vluxei32.v v1, (a0), v2
#121 0 80000080 020f60a7 m f0040038   41500000  vse32.v v1, (t5)
#122 0 80000084 06256027 m f0040058   c0800000  vsuxei32.v v0, (a0), v2
#123 0 80000088 00548c33 r 18         00000005  add      s8, s1, t0
#124 0 8000008c     84e2 r 09         00000005  c.mv     s1, s8
#125 0 8000008e     bf55 r 00         00000000  c.j      . - 0x4c
#126 0 80000042 04b4d763 r 00         00000000  bge      s1, a1, . + 0x4e
#127 0 80000090     0405 r 08         00000003  c.addi   s0, 0x1
#128 0 80000092     b765 r 00         00000000  c.j      . - 0x58
#129 0 8000003a 04b45d63 r 00         00000000  bge      s0, a1, . + 0x5a
#130 0 8000003e 00140493 r 09         00000004  addi     s1, s0, 1
#131 0 80000042 04b4d763 r 00         00000000  bge      s1, a1, . + 0x4e
#132 0 80000046 40958333 r 06         00000001  sub      t1, a1, s1
#133 0 8000004a 010372d7 r 05         00000001  vsetvli t0, t1, e32,m1,tu,mu  +
#133 0 8000004a 010372d7 c 0c20       00000001  vsetvli t0, t1, e32,m1,tu,mu  +
#133 0 8000004a 010372d7 c 0c21       00000010  vsetvli t0, t1, e32,m1,tu,mu
#134 0 8000004e 02b403b3 r 07         0000000f  mul      t2, s0, a1
#135 0 80000052     038a r 07         0000003c  c.slli   t2, 2
#136 0 80000054 00750e33 r 1c         f004003c  add      t3, a0, t2
#137 0 80000058 00249e93 r 1d         00000010  slli     t4, s1, 2
#138 0 8000005c 01de0f33 r 1e         f004004c  add      t5, t3, t4
#139 0 80000060 020f6007 v 00 000000000000000000000000000000004000000040800000c080000040c00000 vle32.v v0, (t5)
#140 0 80000064 00259f93 r 1f         00000014  slli     t6, a1, 2
#141 0 80000068 00241b93 r 17         0000000c  slli     s7, s0, 2
#142 0 8000006c 5208a157 v 02 0000000000000000000000000000000000000050000000540000005800000000 vid.v v2
#143 0 80000070 0224c157 v 02 0000000000000000000000000000000000000050000000540000005800000004 vadd.vx v2, v2, s1
#144 0 80000074 962fe157 v 02 0000000000000000000000000000000000000050000000540000005800000050 vmul.vx v2, v2, t6
#145 0 80000078 022bc157 v 02 000000000000000000000000000000000000005000000054000000580000005c vadd.vx v2, v2, s7
#146 0 8000007c 06256087 v 01 00000000000000000000000000000000c120000040e0000041500000c0400000 vluxei32.v v1, (a0), v2
#147 0 80000080 020f60a7 m f004004c   c0400000  vse32.v v1, (t5)
#148 0 80000084 06256027 m f004005c   40c00000  vsuxei32.v v0, (a0), v2
#149 0 80000088 00548c33 r 18         00000005  add      s8, s1, t0
#150 0 8000008c     84e2 r 09         00000005  c.mv     s1, s8
#151 0 8000008e     bf55 r 00         00000000  c.j      . - 0x4c
#152 0 80000042 04b4d763 r 00         00000000  bge      s1, a1, . + 0x4e
#153 0 80000090     0405 r 08         00000004  c.addi   s0, 0x1
#154 0 80000092     b765 r 00         00000000  c.j      . - 0x58
#155 0 8000003a 04b45d63 r 00         00000000  bge      s0, a1, . + 0x5a
#156 0 8000003e 00140493 r 09         00000005  addi     s1, s0, 1
#157 0 80000042 04b4d763 r 00         00000000  bge      s1, a1, . + 0x4e
#158 0 80000090     0405 r 08         00000005  c.addi   s0, 0x1
#159 0 80000092     b765 r 00         00000000  c.j      . - 0x58
#160 0 8000003a 04b45d63 r 00         00000000  bge      s0, a1, . + 0x5a
#161 0 80000094     8082 r 00         00000000  c.jr     ra
#162 0 80000024 70040517 r 0a         f0040024  auipc    a0, 0x70040
#163 0 80000028 fdc50513 r 0a         f0040000  addi     a0, a0, -36
#164 0 8000002c 70040597 r 0b         f004002c  auipc    a1, 0x70040
#165 0 80000030 0385a583 r 0b         00000005  lw       a1, 0x38(a1)
#166 0 80000034     208d r 01         80000036  c.jal    . + 0x62
#167 0 80000096     1171 r 02         fffffffc  c.addi   sp, -0x4
#168 0 80000098     c02a m fffffffc   f0040000  c.swsp   a0, 0x0
#169 0 8000009a 12300293 r 05         00000123  addi     t0, zero, 291
#170 0 8000009e 45600293 r 05         00000456  addi     t0, zero, 1110
#171 0 800000a2     85ae r 0b         00000005  c.mv     a1, a1
#172 0 800000a4 02b585b3 r 0b         00000019  mul      a1, a1, a1
#173 0 800000a8     4281 r 05         00000000  c.li     t0, 0x0
#174 0 800000aa 0105fe57 r 1c         00000008  vsetvli t3, a1, e32,m1,tu,mu  +
#174 0 800000aa 0105fe57 c 0c20       00000008  vsetvli t3, a1, e32,m1,tu,mu  +
#174 0 800000aa 0105fe57 c 0c21       00000010  vsetvli t3, a1, e32,m1,tu,mu
#175 0 800000ae 002e1e93 r 1d         00000020  slli     t4, t3, 2
#176 0 800000b2 02056087 v 01 400000004170000041500000c120000040a000004190000040c00000c1200000 vle32.v v1, (a0)
#177 0 800000b6     9576 r 0a         f0040020  c.add    a0, t4
#178 0 800000b8     92f2 r 05         00000008  c.add    t0, t3
#179 0 800000ba 00b2d363 r 00         00000000  bge      t0, a1, . + 0x6
#180 0 800000be     b7f5 r 00         00000000  c.j      . - 0x14
#181 0 800000aa 0105fe57 r 1c         00000008  vsetvli t3, a1, e32,m1,tu,mu  +
#181 0 800000aa 0105fe57 c 0c20       00000008  vsetvli t3, a1, e32,m1,tu,mu  +
#181 0 800000aa 0105fe57 c 0c21       00000010  vsetvli t3, a1, e32,m1,tu,mu
#182 0 800000ae 002e1e93 r 1d         00000020  slli     t4, t3, 2
#183 0 800000b2 02056087 v 01 c0400000415000004140000041100000408000004120000040e0000040800000 vle32.v v1, (a0)
#184 0 800000b6     9576 r 0a         f0040040  c.add    a0, t4
#185 0 800000b8     92f2 r 05         00000010  c.add    t0, t3
#186 0 800000ba 00b2d363 r 00         00000000  bge      t0, a1, . + 0x6
#187 0 800000be     b7f5 r 00         00000000  c.j      . - 0x14
#188 0 800000aa 0105fe57 r 1c         00000008  vsetvli t3, a1, e32,m1,tu,mu  +
#188 0 800000aa 0105fe57 c 0c20       00000008  vsetvli t3, a1, e32,m1,tu,mu  +
#188 0 800000aa 0105fe57 c 0c21       00000010  vsetvli t3, a1, e32,m1,tu,mu
#189 0 800000ae 002e1e93 r 1d         00000020  slli     t4, t3, 2
#190 0 800000b2 02056087 v 01 40c00000c08000004080000040000000c0400000418800004100000041500000 vle32.v v1, (a0)
#191 0 800000b6     9576 r 0a         f0040060  c.add    a0, t4
#192 0 800000b8     92f2 r 05         00000018  c.add    t0, t3
#193 0 800000ba 00b2d363 r 00         00000000  bge      t0, a1, . + 0x6
#194 0 800000be     b7f5 r 00         00000000  c.j      . - 0x14
#195 0 800000aa 0105fe57 r 1c         00000008  vsetvli t3, a1, e32,m1,tu,mu  +
#195 0 800000aa 0105fe57 c 0c20       00000008  vsetvli t3, a1, e32,m1,tu,mu  +
#195 0 800000aa 0105fe57 c 0c21       00000010  vsetvli t3, a1, e32,m1,tu,mu
#196 0 800000ae 002e1e93 r 1d         00000020  slli     t4, t3, 2
#197 0 800000b2 02056087 v 01 0000000000000000000000000000000000000000000000000000000543200000 vle32.v v1, (a0)
#198 0 800000b6     9576 r 0a         f0040080  c.add    a0, t4
#199 0 800000b8     92f2 r 05         00000020  c.add    t0, t3
#200 0 800000ba 00b2d363 r 00         00000000  bge      t0, a1, . + 0x6
#201 0 800000c0 12300293 r 05         00000123  addi     t0, zero, 291
#202 0 800000c4 45600293 r 05         00000456  addi     t0, zero, 1110
#203 0 800000c8     4502 r 0a         f0040000  c.lwsp   a0, 0x0
#204 0 800000ca     0111 r 02         00000000  c.addi   sp, 0x4
#205 0 800000cc     8082 r 00         00000000  c.jr     ra
#206 0 80000036     a861 r 00         00000000  c.j      . + 0x98
#207 0 800000ce d05801b7 r 03         d0580000  lui      gp, -0x2fa80
#208 0 800000d2 0ff00293 r 05         000000ff  addi     t0, zero, 255
#209 0 800000d6 00518023 m d0580000   000000ff  sb       t0, 0x0(gp)
